2025-05-26 09:13:11,745 p=2632288 u=sysop n=ansible | PLAY [Apache Installation auf Debian und Rocky Linux] ***************************************************************************************************************************************************************************
2025-05-26 09:13:11,751 p=2632288 u=sysop n=ansible | TASK [Gathering Facts] **********************************************************************************************************************************************************************************************************
2025-05-26 09:13:11,751 p=2632288 u=sysop n=ansible | Monday 26 May 2025  09:13:11 +0000 (0:00:00.008)       0:00:00.008 ************ 
2025-05-26 09:13:11,751 p=2632288 u=sysop n=ansible | Monday 26 May 2025  09:13:11 +0000 (0:00:00.007)       0:00:00.007 ************ 
2025-05-26 09:13:12,125 p=2632288 u=sysop n=ansible | fatal: [idmttest2.id-dev.unibe.ch]: UNREACHABLE! => changed=false 
  msg: |-
    Data could not be sent to remote host "idmttest2.id-dev.unibe.ch". Make sure this host can be reached over ssh: Warning: Permanently added 'idmttest2.id-dev.unibe.ch' (ED25519) to the list of known hosts.
    sysop@idmttest2.id-dev.unibe.ch: Permission denied (publickey,password).
  unreachable: true
2025-05-26 09:13:12,125 p=2632288 u=sysop n=ansible | PLAY RECAP **********************************************************************************************************************************************************************************************************************
2025-05-26 09:13:12,126 p=2632288 u=sysop n=ansible | idmttest2.id-dev.unibe.ch  : ok=0    changed=0    unreachable=1    failed=0    skipped=0    rescued=0    ignored=0   
2025-05-26 09:13:12,126 p=2632288 u=sysop n=ansible | Playbook run took 0 days, 0 hours, 0 minutes, 0 seconds
2025-05-26 09:13:12,126 p=2632288 u=sysop n=ansible | Monday 26 May 2025  09:13:12 +0000 (0:00:00.374)       0:00:00.382 ************ 
2025-05-26 09:13:12,126 p=2632288 u=sysop n=ansible | =============================================================================== 
2025-05-26 09:13:12,126 p=2632288 u=sysop n=ansible | gather_facts ------------------------------------------------------------ 0.37s
2025-05-26 09:13:12,126 p=2632288 u=sysop n=ansible | ~~~~~~~~~~~~~~~~~~~~~~~~~~~~~~~~~~~~~~~~~~~~~~~~~~~~~~~~~~~~~~~~~~~~~~~~~~~~~~~ 
2025-05-26 09:13:12,126 p=2632288 u=sysop n=ansible | total ------------------------------------------------------------------- 0.37s
2025-05-26 09:13:12,126 p=2632288 u=sysop n=ansible | Monday 26 May 2025  09:13:12 +0000 (0:00:00.374)       0:00:00.382 ************ 
2025-05-26 09:13:12,126 p=2632288 u=sysop n=ansible | =============================================================================== 
2025-05-26 09:13:12,126 p=2632288 u=sysop n=ansible | Gathering Facts ---------------------------------------------------------------------------------------------------------------------------------------------------------------------------------------------------------- 0.37s
2025-05-26 09:39:03,753 p=2670299 u=sysop n=ansible | PLAY [Apache Installation auf Debian und Rocky Linux] ***************************************************************************************************************************************************************************
2025-05-26 09:39:03,759 p=2670299 u=sysop n=ansible | TASK [Gathering Facts] **********************************************************************************************************************************************************************************************************
2025-05-26 09:39:03,759 p=2670299 u=sysop n=ansible | Monday 26 May 2025  09:39:03 +0000 (0:00:00.007)       0:00:00.007 ************ 
2025-05-26 09:39:03,759 p=2670299 u=sysop n=ansible | Monday 26 May 2025  09:39:03 +0000 (0:00:00.007)       0:00:00.007 ************ 
2025-05-26 09:39:04,139 p=2670299 u=sysop n=ansible | fatal: [idmttest2.id-dev.unibe.ch]: UNREACHABLE! => changed=false 
  msg: |-
    Data could not be sent to remote host "idmttest2.id-dev.unibe.ch". Make sure this host can be reached over ssh: Warning: Permanently added 'idmttest2.id-dev.unibe.ch' (ED25519) to the list of known hosts.
    sysop@idmttest2.id-dev.unibe.ch: Permission denied (publickey,password).
  unreachable: true
2025-05-26 09:39:04,140 p=2670299 u=sysop n=ansible | PLAY RECAP **********************************************************************************************************************************************************************************************************************
2025-05-26 09:39:04,140 p=2670299 u=sysop n=ansible | idmttest2.id-dev.unibe.ch  : ok=0    changed=0    unreachable=1    failed=0    skipped=0    rescued=0    ignored=0   
2025-05-26 09:39:04,140 p=2670299 u=sysop n=ansible | Playbook run took 0 days, 0 hours, 0 minutes, 0 seconds
2025-05-26 09:39:04,140 p=2670299 u=sysop n=ansible | Monday 26 May 2025  09:39:04 +0000 (0:00:00.381)       0:00:00.389 ************ 
2025-05-26 09:39:04,140 p=2670299 u=sysop n=ansible | =============================================================================== 
2025-05-26 09:39:04,140 p=2670299 u=sysop n=ansible | gather_facts ------------------------------------------------------------ 0.38s
2025-05-26 09:39:04,140 p=2670299 u=sysop n=ansible | ~~~~~~~~~~~~~~~~~~~~~~~~~~~~~~~~~~~~~~~~~~~~~~~~~~~~~~~~~~~~~~~~~~~~~~~~~~~~~~~ 
2025-05-26 09:39:04,140 p=2670299 u=sysop n=ansible | total ------------------------------------------------------------------- 0.38s
2025-05-26 09:39:04,140 p=2670299 u=sysop n=ansible | Monday 26 May 2025  09:39:04 +0000 (0:00:00.381)       0:00:00.388 ************ 
2025-05-26 09:39:04,141 p=2670299 u=sysop n=ansible | =============================================================================== 
2025-05-26 09:39:04,141 p=2670299 u=sysop n=ansible | Gathering Facts ---------------------------------------------------------------------------------------------------------------------------------------------------------------------------------------------------------- 0.38s
2025-05-26 09:44:38,653 p=2678653 u=sysop n=ansible | PLAY [Apache Installation auf Debian und Rocky Linux] ***************************************************************************************************************************************************************************
2025-05-26 09:44:38,659 p=2678653 u=sysop n=ansible | TASK [Gathering Facts] **********************************************************************************************************************************************************************************************************
2025-05-26 09:44:38,659 p=2678653 u=sysop n=ansible | Monday 26 May 2025  09:44:38 +0000 (0:00:00.008)       0:00:00.008 ************ 
2025-05-26 09:44:38,659 p=2678653 u=sysop n=ansible | Monday 26 May 2025  09:44:38 +0000 (0:00:00.007)       0:00:00.007 ************ 
2025-05-26 09:44:39,853 p=2678653 u=sysop n=ansible | ok: [localhost]
2025-05-26 09:44:39,879 p=2678653 u=sysop n=ansible | TASK [Apache installieren (abhängig vom OS)] ************************************************************************************************************************************************************************************
2025-05-26 09:44:39,879 p=2678653 u=sysop n=ansible | Monday 26 May 2025  09:44:39 +0000 (0:00:01.220)       0:00:01.228 ************ 
2025-05-26 09:44:39,880 p=2678653 u=sysop n=ansible | Monday 26 May 2025  09:44:39 +0000 (0:00:01.220)       0:00:01.227 ************ 
2025-05-26 09:44:40,891 p=2678653 u=sysop n=ansible | ok: [localhost]
2025-05-26 09:44:40,898 p=2678653 u=sysop n=ansible | TASK [Apache Dienst aktivieren und starten] *************************************************************************************************************************************************************************************
2025-05-26 09:44:40,898 p=2678653 u=sysop n=ansible | Monday 26 May 2025  09:44:40 +0000 (0:00:01.018)       0:00:02.246 ************ 
2025-05-26 09:44:40,898 p=2678653 u=sysop n=ansible | Monday 26 May 2025  09:44:40 +0000 (0:00:01.018)       0:00:02.246 ************ 
2025-05-26 09:44:41,488 p=2678653 u=sysop n=ansible | ok: [localhost]
2025-05-26 09:44:41,497 p=2678653 u=sysop n=ansible | TASK [Zeige erkannte Distribution] **********************************************************************************************************************************************************************************************
2025-05-26 09:44:41,497 p=2678653 u=sysop n=ansible | Monday 26 May 2025  09:44:41 +0000 (0:00:00.598)       0:00:02.845 ************ 
2025-05-26 09:44:41,497 p=2678653 u=sysop n=ansible | Monday 26 May 2025  09:44:41 +0000 (0:00:00.598)       0:00:02.845 ************ 
2025-05-26 09:44:41,515 p=2678653 u=sysop n=ansible | ok: [localhost] => 
  msg: Ubuntu
2025-05-26 09:44:41,538 p=2678653 u=sysop n=ansible | PLAY RECAP **********************************************************************************************************************************************************************************************************************
2025-05-26 09:44:41,538 p=2678653 u=sysop n=ansible | localhost                  : ok=4    changed=0    unreachable=0    failed=0    skipped=0    rescued=0    ignored=0   
2025-05-26 09:44:41,539 p=2678653 u=sysop n=ansible | Playbook run took 0 days, 0 hours, 0 minutes, 2 seconds
2025-05-26 09:44:41,539 p=2678653 u=sysop n=ansible | Monday 26 May 2025  09:44:41 +0000 (0:00:00.041)       0:00:02.887 ************ 
2025-05-26 09:44:41,539 p=2678653 u=sysop n=ansible | =============================================================================== 
2025-05-26 09:44:41,539 p=2678653 u=sysop n=ansible | gather_facts ------------------------------------------------------------ 1.22s
2025-05-26 09:44:41,539 p=2678653 u=sysop n=ansible | package ----------------------------------------------------------------- 1.02s
2025-05-26 09:44:41,539 p=2678653 u=sysop n=ansible | service ----------------------------------------------------------------- 0.60s
2025-05-26 09:44:41,539 p=2678653 u=sysop n=ansible | debug ------------------------------------------------------------------- 0.04s
2025-05-26 09:44:41,539 p=2678653 u=sysop n=ansible | ~~~~~~~~~~~~~~~~~~~~~~~~~~~~~~~~~~~~~~~~~~~~~~~~~~~~~~~~~~~~~~~~~~~~~~~~~~~~~~~ 
2025-05-26 09:44:41,539 p=2678653 u=sysop n=ansible | total ------------------------------------------------------------------- 2.88s
2025-05-26 09:44:41,539 p=2678653 u=sysop n=ansible | Monday 26 May 2025  09:44:41 +0000 (0:00:00.042)       0:00:02.887 ************ 
2025-05-26 09:44:41,539 p=2678653 u=sysop n=ansible | =============================================================================== 
2025-05-26 09:44:41,539 p=2678653 u=sysop n=ansible | Gathering Facts ---------------------------------------------------------------------------------------------------------------------------------------------------------------------------------------------------------- 1.22s
2025-05-26 09:44:41,539 p=2678653 u=sysop n=ansible | Apache installieren (abhängig vom OS) ------------------------------------------------------------------------------------------------------------------------------------------------------------------------------------ 1.02s
2025-05-26 09:44:41,539 p=2678653 u=sysop n=ansible | Apache Dienst aktivieren und starten ------------------------------------------------------------------------------------------------------------------------------------------------------------------------------------- 0.60s
2025-05-26 09:44:41,539 p=2678653 u=sysop n=ansible | Zeige erkannte Distribution ---------------------------------------------------------------------------------------------------------------------------------------------------------------------------------------------- 0.04s
